2023/03/24 16:46:19 [error] 1596#13172: *1 CreateFile() "C:\nginx/html/favicon.ico" failed (2: The system cannot find the file specified), client: 127.0.0.1, server: localhost, request: "GET /favicon.ico HTTP/1.1", host: "localhost", referrer: "http://localhost/"
2023/03/25 03:05:34 [error] 17472#1412: *1 CreateFile() "C:\nginx/html/favicon.ico" failed (2: The system cannot find the file specified), client: 127.0.0.1, server: localhost, request: "GET /favicon.ico HTTP/1.1", host: "localhost", referrer: "http://localhost/"
2023/03/25 07:16:52 [notice] 8180#17276: signal process started
2023/03/25 07:16:52 [error] 8180#17276: OpenEvent("Global\ngx_reload_12512") failed (5: Access is denied)
2023/03/25 07:18:26 [notice] 20204#25180: signal process started
2023/03/25 07:18:26 [error] 20204#25180: OpenEvent("Global\ngx_reload_12512") failed (5: Access is denied)
2023/03/31 13:47:20 [notice] 3572#632: signal process started
2023/03/31 13:47:20 [error] 3572#632: OpenEvent("Global\ngx_reload_7796") failed (5: Access is denied)
2023/03/31 13:49:29 [notice] 14396#26132: signal process started
2023/03/31 13:49:29 [error] 14396#26132: OpenEvent("Global\ngx_reload_7796") failed (5: Access is denied)
2023/03/31 13:49:45 [error] 24220#25100: *1 connect() failed (10061: No connection could be made because the target machine actively refused it) while connecting to upstream, client: 127.0.0.1, server: review-api.com, request: "GET / HTTP/1.1", upstream: "http://[::1]:1337/", host: "localhost"
2023/03/31 13:49:47 [error] 24220#25100: *1 connect() failed (10061: No connection could be made because the target machine actively refused it) while connecting to upstream, client: 127.0.0.1, server: review-api.com, request: "GET / HTTP/1.1", upstream: "http://127.0.0.1:1337/", host: "localhost"
2023/03/31 13:49:47 [error] 24220#25100: *1 no live upstreams while connecting to upstream, client: 127.0.0.1, server: review-api.com, request: "GET /favicon.ico HTTP/1.1", upstream: "http://localhost/favicon.ico", host: "localhost", referrer: "http://localhost/"
2023/03/31 13:52:11 [notice] 15864#8804: signal process started
2023/03/31 13:52:11 [error] 15864#8804: OpenEvent("Global\ngx_reload_7796") failed (5: Access is denied)
2023/03/31 14:27:46 [emerg] 17968#13172: unknown directive "reload_trigger" in C:\nginx/conf/nginx.conf:11
2023/03/31 14:33:02 [emerg] 21200#3628: unknown directive "reload_trigger" in C:\nginx/conf/nginx.conf:11
2023/03/31 14:35:53 [emerg] 3720#16060: unknown directive "reload_trigger" in C:\nginx/conf/nginx.conf:11
2023/03/31 14:37:23 [emerg] 16356#1432: unknown directive "reload_trigger" in C:\nginx/conf/nginx.conf:11
2023/03/31 14:37:23 [alert] 4412#15532: worker process 16356 exited with code 1
2023/03/31 14:37:23 [alert] 4412#15532: could not respawn worker
2023/03/31 14:37:33 [notice] 23632#18076: signal process started
2023/03/31 14:37:33 [error] 23632#18076: OpenEvent("Global\ngx_reload_4412") failed (5: Access is denied)
2023/03/31 15:02:06 [notice] 800#14584: signal process started
2023/03/31 15:02:06 [error] 800#14584: OpenEvent("Global\ngx_reload_6812") failed (2: The system cannot find the file specified)
2023/03/31 15:14:06 [notice] 7888#16492: signal process started
2023/03/31 15:14:06 [error] 7888#16492: OpenEvent("Global\ngx_reload_13588") failed (5: Access is denied)
2023/03/31 15:14:30 [notice] 18216#15664: signal process started
2023/03/31 15:14:30 [error] 18216#15664: OpenEvent("Global\ngx_reload_13588") failed (5: Access is denied)
2023/03/31 15:15:31 [notice] 5452#4788: signal process started
2023/03/31 15:15:31 [error] 5452#4788: OpenEvent("Global\ngx_reload_21608") failed (5: Access is denied)
2023/03/31 15:15:37 [notice] 13744#19516: signal process started
2023/03/31 15:15:37 [error] 13744#19516: OpenEvent("Global\ngx_reload_21608") failed (5: Access is denied)
2023/03/31 15:20:01 [notice] 7596#22576: signal process started
2023/03/31 15:20:01 [error] 7596#22576: OpenEvent("Global\ngx_reload_7100") failed (5: Access is denied)
2023/03/31 15:20:32 [notice] 17736#10780: signal process started
2023/03/31 15:20:32 [error] 17736#10780: OpenEvent("Global\ngx_reload_7100") failed (5: Access is denied)
2023/03/31 15:52:46 [notice] 10124#7292: signal process started
2023/03/31 15:52:46 [error] 10124#7292: OpenEvent("Global\ngx_reload_7100") failed (5: Access is denied)
2023/03/31 15:54:31 [notice] 17036#17848: signal process started
2023/03/31 16:25:10 [notice] 16608#5240: signal process started
2023/03/31 16:30:29 [notice] 17584#2972: signal process started
2023/03/31 16:35:40 [notice] 5564#6264: signal process started
2023/03/31 16:37:41 [notice] 6000#10792: signal process started
2023/03/31 16:52:44 [notice] 11780#16768: signal process started
2023/03/31 20:31:42 [notice] 16912#852: signal process started
